<?xml version="1.0" encoding="UTF-8"?>
<!-- Generated by org.testng.reporters.JUnitReportReporter -->
<testsuite hostname="DESKTOP-G2OQHS4" failures="0" tests="1" name="TestScript.CreateUser" time="7.345" errors="0" timestamp="24 Apr 2024 13:28:30 GMT" skipped="0">
  <testcase classname="TestScript.CreateUser" name="createUser" time="7.345"/>
</testsuite> <!-- TestScript.CreateUser -->
