<?xml version="1.0" encoding="UTF-8"?>
<!-- Generated by org.testng.reporters.JUnitReportReporter -->
<testsuite hostname="DESKTOP-G2OQHS4" failures="0" tests="5" name="DataProvider.UsingDataProvider" time="0.040" errors="0" timestamp="28 Apr 2024 11:32:39 GMT" skipped="0">
  <testcase classname="DataProvider.UsingDataProvider" name="invalid" time="0.002"/>
  <testcase classname="DataProvider.UsingDataProvider" name="invalid" time="0.026"/>
  <testcase classname="DataProvider.UsingDataProvider" name="invalid" time="0.003"/>
  <testcase classname="DataProvider.UsingDataProvider" name="invalid" time="0.002"/>
  <testcase classname="DataProvider.UsingDataProvider" name="invalid" time="0.007"/>
</testsuite> <!-- DataProvider.UsingDataProvider -->
