<?xml version="1.0" encoding="UTF-8"?>
<!-- Generated by org.testng.reporters.JUnitReportReporter -->
<testsuite hostname="DESKTOP-G2OQHS4" failures="0" tests="1" name="Rough.CreateUser" time="4.986" errors="0" timestamp="21 Apr 2024 09:57:08 GMT" skipped="0">
  <testcase classname="Rough.CreateUser" name="createUser" time="4.986"/>
</testsuite> <!-- Rough.CreateUser -->
