<?xml version="1.0" encoding="UTF-8"?>
<!-- Generated by org.testng.reporters.JUnitReportReporter -->
<testsuite hostname="DESKTOP-G2OQHS4" failures="0" tests="1" name="TestScript.InvalidLogin" time="5.792" errors="0" timestamp="09 Jun 2024 04:57:03 GMT" skipped="0">
  <testcase classname="TestScript.InvalidLogin" name="invalidLogin" time="5.792"/>
</testsuite> <!-- TestScript.InvalidLogin -->
