<?xml version="1.0" encoding="UTF-8"?>
<!-- Generated by org.testng.reporters.JUnitReportReporter -->
<testsuite hostname="DESKTOP-G2OQHS4" failures="0" tests="5" name="Rough.xx" time="0.026" errors="0" timestamp="25 Apr 2024 14:40:32 GMT" skipped="0">
  <testcase classname="Rough.xx" name="invalid" time="0.002"/>
  <testcase classname="Rough.xx" name="invalid" time="0.008"/>
  <testcase classname="Rough.xx" name="invalid" time="0.002"/>
  <testcase classname="Rough.xx" name="invalid" time="0.012"/>
  <testcase classname="Rough.xx" name="invalid" time="0.002"/>
</testsuite> <!-- Rough.xx -->
