<?xml version="1.0" encoding="UTF-8"?>
<!-- Generated by org.testng.reporters.JUnitReportReporter -->
<testsuite hostname="DESKTOP-G2OQHS4" failures="0" tests="1" name="TestScript.CreateNewCustomerAndProject" time="4.950" errors="0" timestamp="24 Apr 2024 05:49:37 GMT" skipped="0">
  <testcase classname="TestScript.CreateNewCustomerAndProject" name="createCustomer" time="4.950"/>
</testsuite> <!-- TestScript.CreateNewCustomerAndProject -->
