<?xml version="1.0" encoding="UTF-8"?>
<!-- Generated by org.testng.reporters.JUnitReportReporter -->
<testsuite hostname="DESKTOP-G2OQHS4" failures="0" tests="3" name="TestScript.InvalidLogin" time="25.756" errors="0" timestamp="24 Apr 2024 13:35:04 GMT" skipped="0">
  <testcase classname="TestScript.InvalidLogin" name="invalidLogin" time="11.165"/>
  <testcase classname="TestScript.InvalidLogin" name="invalidLogin" time="10.564"/>
  <testcase classname="TestScript.InvalidLogin" name="invalidLogin" time="4.027"/>
</testsuite> <!-- TestScript.InvalidLogin -->
