<?xml version="1.0" encoding="UTF-8"?>
<!-- Generated by org.testng.reporters.JUnitReportReporter -->
<testsuite hostname="DESKTOP-G2OQHS4" failures="0" tests="1" name="TestScript.ValidLogin" time="1.239" errors="0" timestamp="24 Apr 2024 04:43:47 GMT" skipped="0">
  <testcase classname="TestScript.ValidLogin" name="login" time="1.239"/>
</testsuite> <!-- TestScript.ValidLogin -->
