<?xml version="1.0" encoding="UTF-8"?>
<!-- Generated by org.testng.reporters.JUnitReportReporter -->
<testsuite hostname="DESKTOP-G2OQHS4" failures="0" tests="1" name="TestScript.DeleteUsers" time="3.372" errors="0" timestamp="23 Apr 2024 17:24:38 GMT" skipped="0">
  <testcase classname="TestScript.DeleteUsers" name="deleteUser" time="3.372"/>
</testsuite> <!-- TestScript.DeleteUsers -->
