<?xml version="1.0" encoding="UTF-8"?>
<!-- Generated by org.testng.reporters.JUnitReportReporter -->
<testsuite hostname="DESKTOP-G2OQHS4" failures="0" tests="1" name="TestScript.CreateNewCustomer" time="6.212" errors="0" timestamp="24 Apr 2024 05:48:10 GMT" skipped="0">
  <testcase classname="TestScript.CreateNewCustomer" name="createCustomer" time="6.212"/>
</testsuite> <!-- TestScript.CreateNewCustomer -->
