<?xml version="1.0" encoding="UTF-8"?>
<!-- Generated by org.testng.reporters.JUnitReportReporter -->
<testsuite hostname="DESKTOP-G2OQHS4" failures="0" tests="1" name="Rough.abc" time="1.205" errors="0" timestamp="22 Apr 2024 03:51:24 GMT" skipped="0">
  <testcase classname="Rough.abc" name="name" time="1.205"/>
</testsuite> <!-- Rough.abc -->
