<?xml version="1.0" encoding="UTF-8"?>
<!-- Generated by org.testng.reporters.JUnitReportReporter -->
<testsuite hostname="DESKTOP-G2OQHS4" failures="0" tests="1" name="TestScript.Logout" time="2.832" errors="0" timestamp="21 Apr 2024 15:26:37 GMT" skipped="0">
  <testcase classname="TestScript.Logout" name="logout" time="2.832"/>
</testsuite> <!-- TestScript.Logout -->
